<?xml version="1.0" encoding="UTF-8"?>
<testsuite name="com.creamcheese.crackers.CrackersApplicationTests" tests="1" skipped="0" failures="0" errors="0" timestamp="2023-05-03T11:13:23" hostname="gimtaeyeong-ui-MacBookPro.local" time="0.047">
  <properties/>
  <testcase name="contextLoads()" classname="com.creamcheese.crackers.CrackersApplicationTests" time="0.047"/>
  <system-out><![CDATA[20:13:20.648 [Test worker] DEBUG org.springframework.test.context.BootstrapUtils - Instantiating CacheAwareContextLoaderDelegate from class [org.springframework.test.context.cache.DefaultCacheAwareContextLoaderDelegate]
20:13:20.653 [Test worker] DEBUG org.springframework.test.context.BootstrapUtils - Instantiating BootstrapContext using constructor [public org.springframework.test.context.support.DefaultBootstrapContext(java.lang.Class,org.springframework.test.context.CacheAwareContextLoaderDelegate)]
20:13:20.668 [Test worker] DEBUG org.springframework.test.context.BootstrapUtils - Instantiating TestContextBootstrapper for test class [com.creamcheese.crackers.CrackersApplicationTests] from class [org.springframework.boot.test.context.SpringBootTestContextBootstrapper]
20:13:20.674 [Test worker] INFO org.springframework.boot.test.context.SpringBootTestContextBootstrapper - Neither @ContextConfiguration nor @ContextHierarchy found for test class [com.creamcheese.crackers.CrackersApplicationTests], using SpringBootContextLoader
20:13:20.676 [Test worker] DEBUG org.springframework.test.context.support.AbstractContextLoader - Did not detect default resource location for test class [com.creamcheese.crackers.CrackersApplicationTests]: class path resource [com/creamcheese/crackers/CrackersApplicationTests-context.xml] does not exist
20:13:20.676 [Test worker] DEBUG org.springframework.test.context.support.AbstractContextLoader - Did not detect default resource location for test class [com.creamcheese.crackers.CrackersApplicationTests]: class path resource [com/creamcheese/crackers/CrackersApplicationTestsContext.groovy] does not exist
20:13:20.676 [Test worker] INFO org.springframework.test.context.support.AbstractContextLoader - Could not detect default resource locations for test class [com.creamcheese.crackers.CrackersApplicationTests]: no resource found for suffixes {-context.xml, Context.groovy}.
20:13:20.677 [Test worker] INFO org.springframework.test.context.support.AnnotationConfigContextLoaderUtils - Could not detect default configuration classes for test class [com.creamcheese.crackers.CrackersApplicationTests]: CrackersApplicationTests does not declare any static, non-private, non-final, nested classes annotated with @Configuration.
20:13:20.694 [Test worker] DEBUG org.springframework.test.context.support.ActiveProfilesUtils - Could not find an 'annotation declaring class' for annotation type [org.springframework.test.context.ActiveProfiles] and class [com.creamcheese.crackers.CrackersApplicationTests]
20:13:20.719 [Test worker] DEBUG org.springframework.context.annotation.ClassPathScanningCandidateComponentProvider - Identified candidate component class: file [/Users/kimtaeyoung/GitHub/Crackers_Server/build/classes/java/main/com/creamcheese/crackers/CrackersApplication.class]
20:13:20.719 [Test worker] INFO org.springframework.boot.test.context.SpringBootTestContextBootstrapper - Found @SpringBootConfiguration com.creamcheese.crackers.CrackersApplication for test class com.creamcheese.crackers.CrackersApplicationTests
20:13:20.761 [Test worker] DEBUG org.springframework.boot.test.context.SpringBootTestContextBootstrapper - @TestExecutionListeners is not present for class [com.creamcheese.crackers.CrackersApplicationTests]: using defaults.
20:13:20.761 [Test worker] INFO org.springframework.boot.test.context.SpringBootTestContextBootstrapper - Loaded default TestExecutionListener class names from location [META-INF/spring.factories]: [org.springframework.security.test.context.support.WithSecurityContextTestExecutionListener, org.springframework.security.test.context.support.ReactorContextTestExecutionListener, org.springframework.boot.test.autoconfigure.restdocs.RestDocsTestExecutionListener, org.springframework.boot.test.autoconfigure.web.client.MockRestServiceServerResetTestExecutionListener, org.springframework.boot.test.autoconfigure.web.servlet.MockMvcPrintOnlyOnFailureTestExecutionListener, org.springframework.boot.test.autoconfigure.web.servlet.WebDriverTestExecutionListener, org.springframework.boot.test.autoconfigure.webservices.client.MockWebServiceServerTestExecutionListener, org.springframework.boot.test.mock.mockito.MockitoTestExecutionListener, org.springframework.boot.test.mock.mockito.ResetMocksTestExecutionListener, org.springframework.test.context.web.ServletTestExecutionListener, org.springframework.test.context.support.DirtiesContextBeforeModesTestExecutionListener, org.springframework.test.context.event.ApplicationEventsTestExecutionListener, org.springframework.test.context.support.DependencyInjectionTestExecutionListener, org.springframework.test.context.support.DirtiesContextTestExecutionListener, org.springframework.test.context.transaction.TransactionalTestExecutionListener, org.springframework.test.context.jdbc.SqlScriptsTestExecutionListener, org.springframework.test.context.event.EventPublishingTestExecutionListener]
20:13:20.770 [Test worker] INFO org.springframework.boot.test.context.SpringBootTestContextBootstrapper - Using TestExecutionListeners: [org.springframework.test.context.web.ServletTestExecutionListener@6d1310f6, org.springframework.test.context.support.DirtiesContextBeforeModesTestExecutionListener@3228d990, org.springframework.test.context.event.ApplicationEventsTestExecutionListener@54e7391d, org.springframework.boot.test.mock.mockito.MockitoTestExecutionListener@50b8ae8d, org.springframework.boot.test.autoconfigure.SpringBootDependencyInjectionTestExecutionListener@255990cc, org.springframework.test.context.support.DirtiesContextTestExecutionListener@51c929ae, org.springframework.test.context.transaction.TransactionalTestExecutionListener@3c8bdd5b, org.springframework.test.context.jdbc.SqlScriptsTestExecutionListener@29d2d081, org.springframework.security.test.context.support.WithSecurityContextTestExecutionListener@40e4ea87, org.springframework.test.context.event.EventPublishingTestExecutionListener@58783f6c, org.springframework.security.test.context.support.ReactorContextTestExecutionListener@3a7b503d, org.springframework.boot.test.autoconfigure.restdocs.RestDocsTestExecutionListener@512d92b, org.springframework.boot.test.autoconfigure.web.client.MockRestServiceServerResetTestExecutionListener@62c5bbdc, org.springframework.boot.test.autoconfigure.web.servlet.MockMvcPrintOnlyOnFailureTestExecutionListener@7bdf6bb7, org.springframework.boot.test.autoconfigure.web.servlet.WebDriverTestExecutionListener@1bc53649, org.springframework.boot.test.autoconfigure.webservices.client.MockWebServiceServerTestExecutionListener@88d6f9b, org.springframework.boot.test.mock.mockito.ResetMocksTestExecutionListener@47d93e0d]
20:13:20.771 [Test worker] DEBUG org.springframework.test.context.support.AbstractDirtiesContextTestExecutionListener - Before test class: context [DefaultTestContext@1e392345 testClass = CrackersApplicationTests, testInstance = [null], testMethod = [null], testException = [null], mergedContextConfiguration = [WebMergedContextConfiguration@12f3afb5 testClass = CrackersApplicationTests, locations = '{}', classes = '{class com.creamcheese.crackers.CrackersApplication}', contextInitializerClasses = '[]', activeProfiles = '{}', propertySourceLocations = '{}', propertySourceProperties = '{org.springframework.boot.test.context.SpringBootTestContextBootstrapper=true}', contextCustomizers = set[org.springframework.boot.test.autoconfigure.actuate.metrics.MetricsExportContextCustomizerFactory$DisableMetricExportContextCustomizer@2a8d39c4, org.springframework.boot.test.autoconfigure.properties.PropertyMappingContextCustomizer@0, org.springframework.boot.test.autoconfigure.web.servlet.WebDriverContextCustomizerFactory$Customizer@1698fc68, org.springframework.boot.test.context.filter.ExcludeFilterContextCustomizer@57eda880, org.springframework.boot.test.json.DuplicateJsonObjectContextCustomizerFactory$DuplicateJsonObjectContextCustomizer@7c209437, org.springframework.boot.test.mock.mockito.MockitoContextCustomizer@0, org.springframework.boot.test.web.client.TestRestTemplateContextCustomizer@1f2f9244, org.springframework.boot.test.context.SpringBootTestArgs@1, org.springframework.boot.test.context.SpringBootTestWebEnvironment@2ca923bb], resourceBasePath = 'src/main/webapp', contextLoader = 'org.springframework.boot.test.context.SpringBootContextLoader', parent = [null]], attributes = map['org.springframework.test.context.web.ServletTestExecutionListener.activateListener' -> true]], class annotated with @DirtiesContext [false] with mode [null].

  .   ____          _            __ _ _
 /\\ / ___'_ __ _ _(_)_ __  __ _ \ \ \ \
( ( )\___ | '_ | '_| | '_ \/ _` | \ \ \ \
 \\/  ___)| |_)| | | | | || (_| |  ) ) ) )
  '  |____| .__|_| |_|_| |_\__, | / / / /
 =========|_|==============|___/=/_/_/_/
 :: Spring Boot ::                (v2.7.8)

2023-05-03 20:13:20.970  INFO 7866 --- [    Test worker] c.c.crackers.CrackersApplicationTests    : Starting CrackersApplicationTests using Java 11.0.15 on gimtaeyeong-ui-MacBookPro.local with PID 7866 (started by kimtaeyoung in /Users/kimtaeyoung/GitHub/Crackers_Server)
2023-05-03 20:13:20.971 DEBUG 7866 --- [    Test worker] c.c.crackers.CrackersApplicationTests    : Running with Spring Boot v2.7.8, Spring v5.3.25
2023-05-03 20:13:20.971  INFO 7866 --- [    Test worker] c.c.crackers.CrackersApplicationTests    : The following 1 profile is active: "secret"
2023-05-03 20:13:21.264  INFO 7866 --- [    Test worker] .s.d.r.c.RepositoryConfigurationDelegate : Multiple Spring Data modules found, entering strict repository configuration mode
2023-05-03 20:13:21.264  INFO 7866 --- [    Test worker] .s.d.r.c.RepositoryConfigurationDelegate : Bootstrapping Spring Data Redis repositories in DEFAULT mode.
2023-05-03 20:13:21.274  INFO 7866 --- [    Test worker] .s.d.r.c.RepositoryConfigurationDelegate : Finished Spring Data repository scanning in 3 ms. Found 0 Redis repository interfaces.
2023-05-03 20:13:21.357  INFO 7866 --- [    Test worker] .s.d.r.c.RepositoryConfigurationDelegate : Multiple Spring Data modules found, entering strict repository configuration mode
2023-05-03 20:13:21.358  INFO 7866 --- [    Test worker] .s.d.r.c.RepositoryConfigurationDelegate : Bootstrapping Spring Data JPA repositories in DEFAULT mode.
2023-05-03 20:13:21.441  INFO 7866 --- [    Test worker] .RepositoryConfigurationExtensionSupport : Spring Data JPA - Could not safely identify store assignment for repository candidate interface com.creamcheese.crackers.domain.redis.RefreshTokenRepository; If you want this repository to be a JPA repository, consider annotating your entities with one of these annotations: javax.persistence.Entity, javax.persistence.MappedSuperclass (preferred), or consider extending one of the following types with your repository: org.springframework.data.jpa.repository.JpaRepository
2023-05-03 20:13:21.450  INFO 7866 --- [    Test worker] .s.d.r.c.RepositoryConfigurationDelegate : Finished Spring Data repository scanning in 90 ms. Found 7 JPA repository interfaces.
2023-05-03 20:13:21.454  INFO 7866 --- [    Test worker] .s.d.r.c.RepositoryConfigurationDelegate : Multiple Spring Data modules found, entering strict repository configuration mode
2023-05-03 20:13:21.454  INFO 7866 --- [    Test worker] .s.d.r.c.RepositoryConfigurationDelegate : Bootstrapping Spring Data Redis repositories in DEFAULT mode.
2023-05-03 20:13:21.458  INFO 7866 --- [    Test worker] .RepositoryConfigurationExtensionSupport : Spring Data Redis - Could not safely identify store assignment for repository candidate interface com.creamcheese.crackers.domain.Account.AccountRepository; If you want this repository to be a Redis repository, consider annotating your entities with one of these annotations: org.springframework.data.redis.core.RedisHash (preferred), or consider extending one of the following types with your repository: org.springframework.data.keyvalue.repository.KeyValueRepository
2023-05-03 20:13:21.458  INFO 7866 --- [    Test worker] .RepositoryConfigurationExtensionSupport : Spring Data Redis - Could not safely identify store assignment for repository candidate interface com.creamcheese.crackers.domain.Work_History.WorkHistoryRepository; If you want this repository to be a Redis repository, consider annotating your entities with one of these annotations: org.springframework.data.redis.core.RedisHash (preferred), or consider extending one of the following types with your repository: org.springframework.data.keyvalue.repository.KeyValueRepository
2023-05-03 20:13:21.458  INFO 7866 --- [    Test worker] .RepositoryConfigurationExtensionSupport : Spring Data Redis - Could not safely identify store assignment for repository candidate interface com.creamcheese.crackers.domain.Workspace.CategoryRepository; If you want this repository to be a Redis repository, consider annotating your entities with one of these annotations: org.springframework.data.redis.core.RedisHash (preferred), or consider extending one of the following types with your repository: org.springframework.data.keyvalue.repository.KeyValueRepository
2023-05-03 20:13:21.459  INFO 7866 --- [    Test worker] .RepositoryConfigurationExtensionSupport : Spring Data Redis - Could not safely identify store assignment for repository candidate interface com.creamcheese.crackers.domain.Workspace.ScheduleRepository; If you want this repository to be a Redis repository, consider annotating your entities with one of these annotations: org.springframework.data.redis.core.RedisHash (preferred), or consider extending one of the following types with your repository: org.springframework.data.keyvalue.repository.KeyValueRepository
2023-05-03 20:13:21.459  INFO 7866 --- [    Test worker] .RepositoryConfigurationExtensionSupport : Spring Data Redis - Could not safely identify store assignment for repository candidate interface com.creamcheese.crackers.domain.Workspace.WorkspaceRepository; If you want this repository to be a Redis repository, consider annotating your entities with one of these annotations: org.springframework.data.redis.core.RedisHash (preferred), or consider extending one of the following types with your repository: org.springframework.data.keyvalue.repository.KeyValueRepository
2023-05-03 20:13:21.459  INFO 7866 --- [    Test worker] .RepositoryConfigurationExtensionSupport : Spring Data Redis - Could not safely identify store assignment for repository candidate interface com.creamcheese.crackers.domain.card.CardRepository; If you want this repository to be a Redis repository, consider annotating your entities with one of these annotations: org.springframework.data.redis.core.RedisHash (preferred), or consider extending one of the following types with your repository: org.springframework.data.keyvalue.repository.KeyValueRepository
2023-05-03 20:13:21.459  INFO 7866 --- [    Test worker] .RepositoryConfigurationExtensionSupport : Spring Data Redis - Could not safely identify store assignment for repository candidate interface com.creamcheese.crackers.domain.card.UserCardRepository; If you want this repository to be a Redis repository, consider annotating your entities with one of these annotations: org.springframework.data.redis.core.RedisHash (preferred), or consider extending one of the following types with your repository: org.springframework.data.keyvalue.repository.KeyValueRepository
2023-05-03 20:13:21.463  INFO 7866 --- [    Test worker] .s.d.r.c.RepositoryConfigurationDelegate : Finished Spring Data repository scanning in 9 ms. Found 1 Redis repository interfaces.
2023-05-03 20:13:21.745  INFO 7866 --- [    Test worker] o.hibernate.jpa.internal.util.LogHelper  : HHH000204: Processing PersistenceUnitInfo [name: default]
2023-05-03 20:13:21.766  INFO 7866 --- [    Test worker] org.hibernate.Version                    : HHH000412: Hibernate ORM core version 5.6.14.Final
2023-05-03 20:13:21.849  INFO 7866 --- [    Test worker] o.hibernate.annotations.common.Version   : HCANN000001: Hibernate Commons Annotations {5.1.2.Final}
2023-05-03 20:13:21.861 DEBUG 7866 --- [    Test worker] org.hibernate.type.BasicTypeRegistry     : Adding type registration boolean -> org.hibernate.type.BooleanType@7b451bf4
2023-05-03 20:13:21.861 DEBUG 7866 --- [    Test worker] org.hibernate.type.BasicTypeRegistry     : Adding type registration boolean -> org.hibernate.type.BooleanType@7b451bf4
2023-05-03 20:13:21.861 DEBUG 7866 --- [    Test worker] org.hibernate.type.BasicTypeRegistry     : Adding type registration java.lang.Boolean -> org.hibernate.type.BooleanType@7b451bf4
2023-05-03 20:13:21.861 DEBUG 7866 --- [    Test worker] org.hibernate.type.BasicTypeRegistry     : Adding type registration numeric_boolean -> org.hibernate.type.NumericBooleanType@75ed7512
2023-05-03 20:13:21.862 DEBUG 7866 --- [    Test worker] org.hibernate.type.BasicTypeRegistry     : Adding type registration true_false -> org.hibernate.type.TrueFalseType@29147c12
2023-05-03 20:13:21.862 DEBUG 7866 --- [    Test worker] org.hibernate.type.BasicTypeRegistry     : Adding type registration yes_no -> org.hibernate.type.YesNoType@704d3b00
2023-05-03 20:13:21.862 DEBUG 7866 --- [    Test worker] org.hibernate.type.BasicTypeRegistry     : Adding type registration byte -> org.hibernate.type.ByteType@ce655b9
2023-05-03 20:13:21.862 DEBUG 7866 --- [    Test worker] org.hibernate.type.BasicTypeRegistry     : Adding type registration byte -> org.hibernate.type.ByteType@ce655b9
2023-05-03 20:13:21.862 DEBUG 7866 --- [    Test worker] org.hibernate.type.BasicTypeRegistry     : Adding type registration java.lang.Byte -> org.hibernate.type.ByteType@ce655b9
2023-05-03 20:13:21.863 DEBUG 7866 --- [    Test worker] org.hibernate.type.BasicTypeRegistry     : Adding type registration character -> org.hibernate.type.CharacterType@1a345298
2023-05-03 20:13:21.863 DEBUG 7866 --- [    Test worker] org.hibernate.type.BasicTypeRegistry     : Adding type registration char -> org.hibernate.type.CharacterType@1a345298
2023-05-03 20:13:21.863 DEBUG 7866 --- [    Test worker] org.hibernate.type.BasicTypeRegistry     : Adding type registration java.lang.Character -> org.hibernate.type.CharacterType@1a345298
2023-05-03 20:13:21.863 DEBUG 7866 --- [    Test worker] org.hibernate.type.BasicTypeRegistry     : Adding type registration short -> org.hibernate.type.ShortType@3c488b34
2023-05-03 20:13:21.863 DEBUG 7866 --- [    Test worker] org.hibernate.type.BasicTypeRegistry     : Adding type registration short -> org.hibernate.type.ShortType@3c488b34
2023-05-03 20:13:21.863 DEBUG 7866 --- [    Test worker] org.hibernate.type.BasicTypeRegistry     : Adding type registration java.lang.Short -> org.hibernate.type.ShortType@3c488b34
2023-05-03 20:13:21.864 DEBUG 7866 --- [    Test worker] org.hibernate.type.BasicTypeRegistry     : Adding type registration integer -> org.hibernate.type.IntegerType@eded048
2023-05-03 20:13:21.864 DEBUG 7866 --- [    Test worker] org.hibernate.type.BasicTypeRegistry     : Adding type registration int -> org.hibernate.type.IntegerType@eded048
2023-05-03 20:13:21.864 DEBUG 7866 --- [    Test worker] org.hibernate.type.BasicTypeRegistry     : Adding type registration java.lang.Integer -> org.hibernate.type.IntegerType@eded048
2023-05-03 20:13:21.864 DEBUG 7866 --- [    Test worker] org.hibernate.type.BasicTypeRegistry     : Adding type registration long -> org.hibernate.type.LongType@23f5008a
2023-05-03 20:13:21.864 DEBUG 7866 --- [    Test worker] org.hibernate.type.BasicTypeRegistry     : Adding type registration long -> org.hibernate.type.LongType@23f5008a
2023-05-03 20:13:21.864 DEBUG 7866 --- [    Test worker] org.hibernate.type.BasicTypeRegistry     : Adding type registration java.lang.Long -> org.hibernate.type.LongType@23f5008a
2023-05-03 20:13:21.865 DEBUG 7866 --- [    Test worker] org.hibernate.type.BasicTypeRegistry     : Adding type registration float -> org.hibernate.type.FloatType@78128dd0
2023-05-03 20:13:21.865 DEBUG 7866 --- [    Test worker] org.hibernate.type.BasicTypeRegistry     : Adding type registration float -> org.hibernate.type.FloatType@78128dd0
2023-05-03 20:13:21.865 DEBUG 7866 --- [    Test worker] org.hibernate.type.BasicTypeRegistry     : Adding type registration java.lang.Float -> org.hibernate.type.FloatType@78128dd0
2023-05-03 20:13:21.865 DEBUG 7866 --- [    Test worker] org.hibernate.type.BasicTypeRegistry     : Adding type registration double -> org.hibernate.type.DoubleType@e881e46
2023-05-03 20:13:21.865 DEBUG 7866 --- [    Test worker] org.hibernate.type.BasicTypeRegistry     : Adding type registration double -> org.hibernate.type.DoubleType@e881e46
2023-05-03 20:13:21.865 DEBUG 7866 --- [    Test worker] org.hibernate.type.BasicTypeRegistry     : Adding type registration java.lang.Double -> org.hibernate.type.DoubleType@e881e46
2023-05-03 20:13:21.865 DEBUG 7866 --- [    Test worker] org.hibernate.type.BasicTypeRegistry     : Adding type registration big_decimal -> org.hibernate.type.BigDecimalType@34549979
2023-05-03 20:13:21.866 DEBUG 7866 --- [    Test worker] org.hibernate.type.BasicTypeRegistry     : Adding type registration java.math.BigDecimal -> org.hibernate.type.BigDecimalType@34549979
2023-05-03 20:13:21.866 DEBUG 7866 --- [    Test worker] org.hibernate.type.BasicTypeRegistry     : Adding type registration big_integer -> org.hibernate.type.BigIntegerType@5635bcd2
2023-05-03 20:13:21.866 DEBUG 7866 --- [    Test worker] org.hibernate.type.BasicTypeRegistry     : Adding type registration java.math.BigInteger -> org.hibernate.type.BigIntegerType@5635bcd2
2023-05-03 20:13:21.866 DEBUG 7866 --- [    Test worker] org.hibernate.type.BasicTypeRegistry     : Adding type registration string -> org.hibernate.type.StringType@595814a1
2023-05-03 20:13:21.866 DEBUG 7866 --- [    Test worker] org.hibernate.type.BasicTypeRegistry     : Adding type registration java.lang.String -> org.hibernate.type.StringType@595814a1
2023-05-03 20:13:21.867 DEBUG 7866 --- [    Test worker] org.hibernate.type.BasicTypeRegistry     : Adding type registration nstring -> org.hibernate.type.StringNVarcharType@502c2278
2023-05-03 20:13:21.867 DEBUG 7866 --- [    Test worker] org.hibernate.type.BasicTypeRegistry     : Adding type registration ncharacter -> org.hibernate.type.CharacterNCharType@577f9dfd
2023-05-03 20:13:21.867 DEBUG 7866 --- [    Test worker] org.hibernate.type.BasicTypeRegistry     : Adding type registration url -> org.hibernate.type.UrlType@592a1882
2023-05-03 20:13:21.867 DEBUG 7866 --- [    Test worker] org.hibernate.type.BasicTypeRegistry     : Adding type registration java.net.URL -> org.hibernate.type.UrlType@592a1882
2023-05-03 20:13:21.867 DEBUG 7866 --- [    Test worker] org.hibernate.type.BasicTypeRegistry     : Adding type registration Duration -> org.hibernate.type.DurationType@25fd6d1e
2023-05-03 20:13:21.868 DEBUG 7866 --- [    Test worker] org.hibernate.type.BasicTypeRegistry     : Adding type registration java.time.Duration -> org.hibernate.type.DurationType@25fd6d1e
2023-05-03 20:13:21.868 DEBUG 7866 --- [    Test worker] org.hibernate.type.BasicTypeRegistry     : Adding type registration Instant -> org.hibernate.type.InstantType@50df37eb
2023-05-03 20:13:21.868 DEBUG 7866 --- [    Test worker] org.hibernate.type.BasicTypeRegistry     : Adding type registration java.time.Instant -> org.hibernate.type.InstantType@50df37eb
2023-05-03 20:13:21.869 DEBUG 7866 --- [    Test worker] org.hibernate.type.BasicTypeRegistry     : Adding type registration LocalDateTime -> org.hibernate.type.LocalDateTimeType@2e1add6f
2023-05-03 20:13:21.869 DEBUG 7866 --- [    Test worker] org.hibernate.type.BasicTypeRegistry     : Adding type registration java.time.LocalDateTime -> org.hibernate.type.LocalDateTimeType@2e1add6f
2023-05-03 20:13:21.869 DEBUG 7866 --- [    Test worker] org.hibernate.type.BasicTypeRegistry     : Adding type registration LocalDate -> org.hibernate.type.LocalDateType@12c76d6e
2023-05-03 20:13:21.869 DEBUG 7866 --- [    Test worker] org.hibernate.type.BasicTypeRegistry     : Adding type registration java.time.LocalDate -> org.hibernate.type.LocalDateType@12c76d6e
2023-05-03 20:13:21.869 DEBUG 7866 --- [    Test worker] org.hibernate.type.BasicTypeRegistry     : Adding type registration LocalTime -> org.hibernate.type.LocalTimeType@56d822dc
2023-05-03 20:13:21.869 DEBUG 7866 --- [    Test worker] org.hibernate.type.BasicTypeRegistry     : Adding type registration java.time.LocalTime -> org.hibernate.type.LocalTimeType@56d822dc
2023-05-03 20:13:21.870 DEBUG 7866 --- [    Test worker] org.hibernate.type.BasicTypeRegistry     : Adding type registration OffsetDateTime -> org.hibernate.type.OffsetDateTimeType@30eedaa4
2023-05-03 20:13:21.870 DEBUG 7866 --- [    Test worker] org.hibernate.type.BasicTypeRegistry     : Adding type registration java.time.OffsetDateTime -> org.hibernate.type.OffsetDateTimeType@30eedaa4
2023-05-03 20:13:21.870 DEBUG 7866 --- [    Test worker] org.hibernate.type.BasicTypeRegistry     : Adding type registration OffsetTime -> org.hibernate.type.OffsetTimeType@5e51ec2e
2023-05-03 20:13:21.870 DEBUG 7866 --- [    Test worker] org.hibernate.type.BasicTypeRegistry     : Adding type registration java.time.OffsetTime -> org.hibernate.type.OffsetTimeType@5e51ec2e
2023-05-03 20:13:21.871 DEBUG 7866 --- [    Test worker] org.hibernate.type.BasicTypeRegistry     : Adding type registration ZonedDateTime -> org.hibernate.type.ZonedDateTimeType@d120d7c
2023-05-03 20:13:21.871 DEBUG 7866 --- [    Test worker] org.hibernate.type.BasicTypeRegistry     : Adding type registration java.time.ZonedDateTime -> org.hibernate.type.ZonedDateTimeType@d120d7c
2023-05-03 20:13:21.871 DEBUG 7866 --- [    Test worker] org.hibernate.type.BasicTypeRegistry     : Adding type registration date -> org.hibernate.type.DateType@30c7be6f
2023-05-03 20:13:21.872 DEBUG 7866 --- [    Test worker] org.hibernate.type.BasicTypeRegistry     : Adding type registration java.sql.Date -> org.hibernate.type.DateType@30c7be6f
2023-05-03 20:13:21.872 DEBUG 7866 --- [    Test worker] org.hibernate.type.BasicTypeRegistry     : Adding type registration time -> org.hibernate.type.TimeType@59a2d756
2023-05-03 20:13:21.872 DEBUG 7866 --- [    Test worker] org.hibernate.type.BasicTypeRegistry     : Adding type registration java.sql.Time -> org.hibernate.type.TimeType@59a2d756
2023-05-03 20:13:21.872 DEBUG 7866 --- [    Test worker] org.hibernate.type.BasicTypeRegistry     : Adding type registration timestamp -> org.hibernate.type.TimestampType@55053f81
2023-05-03 20:13:21.872 DEBUG 7866 --- [    Test worker] org.hibernate.type.BasicTypeRegistry     : Adding type registration java.sql.Timestamp -> org.hibernate.type.TimestampType@55053f81
2023-05-03 20:13:21.873 DEBUG 7866 --- [    Test worker] org.hibernate.type.BasicTypeRegistry     : Adding type registration java.util.Date -> org.hibernate.type.TimestampType@55053f81
2023-05-03 20:13:21.873 DEBUG 7866 --- [    Test worker] org.hibernate.type.BasicTypeRegistry     : Adding type registration dbtimestamp -> org.hibernate.type.DbTimestampType@5c839677
2023-05-03 20:13:21.874 DEBUG 7866 --- [    Test worker] org.hibernate.type.BasicTypeRegistry     : Adding type registration calendar -> org.hibernate.type.CalendarType@3e28dc96
2023-05-03 20:13:21.874 DEBUG 7866 --- [    Test worker] org.hibernate.type.BasicTypeRegistry     : Adding type registration java.util.Calendar -> org.hibernate.type.CalendarType@3e28dc96
2023-05-03 20:13:21.874 DEBUG 7866 --- [    Test worker] org.hibernate.type.BasicTypeRegistry     : Adding type registration java.util.GregorianCalendar -> org.hibernate.type.CalendarType@3e28dc96
2023-05-03 20:13:21.874 DEBUG 7866 --- [    Test worker] org.hibernate.type.BasicTypeRegistry     : Adding type registration calendar_date -> org.hibernate.type.CalendarDateType@6be766d1
2023-05-03 20:13:21.875 DEBUG 7866 --- [    Test worker] org.hibernate.type.BasicTypeRegistry     : Adding type registration calendar_time -> org.hibernate.type.CalendarTimeType@2086d469
2023-05-03 20:13:21.875 DEBUG 7866 --- [    Test worker] org.hibernate.type.BasicTypeRegistry     : Adding type registration locale -> org.hibernate.type.LocaleType@247bbfba
2023-05-03 20:13:21.875 DEBUG 7866 --- [    Test worker] org.hibernate.type.BasicTypeRegistry     : Adding type registration java.util.Locale -> org.hibernate.type.LocaleType@247bbfba
2023-05-03 20:13:21.875 DEBUG 7866 --- [    Test worker] org.hibernate.type.BasicTypeRegistry     : Adding type registration currency -> org.hibernate.type.CurrencyType@1573e8a5
2023-05-03 20:13:21.875 DEBUG 7866 --- [    Test worker] org.hibernate.type.BasicTypeRegistry     : Adding type registration java.util.Currency -> org.hibernate.type.CurrencyType@1573e8a5
2023-05-03 20:13:21.875 DEBUG 7866 --- [    Test worker] org.hibernate.type.BasicTypeRegistry     : Adding type registration timezone -> org.hibernate.type.TimeZoneType@7ec13984
2023-05-03 20:13:21.876 DEBUG 7866 --- [    Test worker] org.hibernate.type.BasicTypeRegistry     : Adding type registration java.util.TimeZone -> org.hibernate.type.TimeZoneType@7ec13984
2023-05-03 20:13:21.876 DEBUG 7866 --- [    Test worker] org.hibernate.type.BasicTypeRegistry     : Adding type registration class -> org.hibernate.type.ClassType@782cc5fa
2023-05-03 20:13:21.876 DEBUG 7866 --- [    Test worker] org.hibernate.type.BasicTypeRegistry     : Adding type registration java.lang.Class -> org.hibernate.type.ClassType@782cc5fa
2023-05-03 20:13:21.876 DEBUG 7866 --- [    Test worker] org.hibernate.type.BasicTypeRegistry     : Adding type registration uuid-binary -> org.hibernate.type.UUIDBinaryType@5086623f
2023-05-03 20:13:21.876 DEBUG 7866 --- [    Test worker] org.hibernate.type.BasicTypeRegistry     : Adding type registration java.util.UUID -> org.hibernate.type.UUIDBinaryType@5086623f
2023-05-03 20:13:21.877 DEBUG 7866 --- [    Test worker] org.hibernate.type.BasicTypeRegistry     : Adding type registration uuid-char -> org.hibernate.type.UUIDCharType@3ef0e576
2023-05-03 20:13:21.877 DEBUG 7866 --- [    Test worker] org.hibernate.type.BasicTypeRegistry     : Adding type registration binary -> org.hibernate.type.BinaryType@2bfa17b0
2023-05-03 20:13:21.877 DEBUG 7866 --- [    Test worker] org.hibernate.type.BasicTypeRegistry     : Adding type registration byte[] -> org.hibernate.type.BinaryType@2bfa17b0
2023-05-03 20:13:21.877 DEBUG 7866 --- [    Test worker] org.hibernate.type.BasicTypeRegistry     : Adding type registration [B -> org.hibernate.type.BinaryType@2bfa17b0
2023-05-03 20:13:21.878 DEBUG 7866 --- [    Test worker] org.hibernate.type.BasicTypeRegistry     : Adding type registration wrapper-binary -> org.hibernate.type.WrapperBinaryType@285bf5ac
2023-05-03 20:13:21.878 DEBUG 7866 --- [    Test worker] org.hibernate.type.BasicTypeRegistry     : Adding type registration Byte[] -> org.hibernate.type.WrapperBinaryType@285bf5ac
2023-05-03 20:13:21.878 DEBUG 7866 --- [    Test worker] org.hibernate.type.BasicTypeRegistry     : Adding type registration [Ljava.lang.Byte; -> org.hibernate.type.WrapperBinaryType@285bf5ac
2023-05-03 20:13:21.878 DEBUG 7866 --- [    Test worker] org.hibernate.type.BasicTypeRegistry     : Adding type registration row_version -> org.hibernate.type.RowVersionType@141bb6b8
2023-05-03 20:13:21.878 DEBUG 7866 --- [    Test worker] org.hibernate.type.BasicTypeRegistry     : Adding type registration image -> org.hibernate.type.ImageType@5aa6da2
2023-05-03 20:13:21.878 DEBUG 7866 --- [    Test worker] org.hibernate.type.BasicTypeRegistry     : Adding type registration characters -> org.hibernate.type.CharArrayType@1f26b992
2023-05-03 20:13:21.878 DEBUG 7866 --- [    Test worker] org.hibernate.type.BasicTypeRegistry     : Adding type registration char[] -> org.hibernate.type.CharArrayType@1f26b992
2023-05-03 20:13:21.878 DEBUG 7866 --- [    Test worker] org.hibernate.type.BasicTypeRegistry     : Adding type registration [C -> org.hibernate.type.CharArrayType@1f26b992
2023-05-03 20:13:21.879 DEBUG 7866 --- [    Test worker] org.hibernate.type.BasicTypeRegistry     : Adding type registration wrapper-characters -> org.hibernate.type.CharacterArrayType@5dae5a70
2023-05-03 20:13:21.879 DEBUG 7866 --- [    Test worker] org.hibernate.type.BasicTypeRegistry     : Adding type registration [Ljava.lang.Character; -> org.hibernate.type.CharacterArrayType@5dae5a70
2023-05-03 20:13:21.879 DEBUG 7866 --- [    Test worker] org.hibernate.type.BasicTypeRegistry     : Adding type registration Character[] -> org.hibernate.type.CharacterArrayType@5dae5a70
2023-05-03 20:13:21.879 DEBUG 7866 --- [    Test worker] org.hibernate.type.BasicTypeRegistry     : Adding type registration text -> org.hibernate.type.TextType@2dc21583
2023-05-03 20:13:21.879 DEBUG 7866 --- [    Test worker] org.hibernate.type.BasicTypeRegistry     : Adding type registration ntext -> org.hibernate.type.NTextType@5ad6f98e
2023-05-03 20:13:21.880 DEBUG 7866 --- [    Test worker] org.hibernate.type.BasicTypeRegistry     : Adding type registration blob -> org.hibernate.type.BlobType@4751cd3
2023-05-03 20:13:21.880 DEBUG 7866 --- [    Test worker] org.hibernate.type.BasicTypeRegistry     : Adding type registration java.sql.Blob -> org.hibernate.type.BlobType@4751cd3
2023-05-03 20:13:21.880 DEBUG 7866 --- [    Test worker] org.hibernate.type.BasicTypeRegistry     : Adding type registration materialized_blob -> org.hibernate.type.MaterializedBlobType@6785c9fa
2023-05-03 20:13:21.880 DEBUG 7866 --- [    Test worker] org.hibernate.type.BasicTypeRegistry     : Adding type registration clob -> org.hibernate.type.ClobType@10b67f54
2023-05-03 20:13:21.880 DEBUG 7866 --- [    Test worker] org.hibernate.type.BasicTypeRegistry     : Adding type registration java.sql.Clob -> org.hibernate.type.ClobType@10b67f54
2023-05-03 20:13:21.881 DEBUG 7866 --- [    Test worker] org.hibernate.type.BasicTypeRegistry     : Adding type registration nclob -> org.hibernate.type.NClobType@40bf0e15
2023-05-03 20:13:21.881 DEBUG 7866 --- [    Test worker] org.hibernate.type.BasicTypeRegistry     : Adding type registration java.sql.NClob -> org.hibernate.type.NClobType@40bf0e15
2023-05-03 20:13:21.881 DEBUG 7866 --- [    Test worker] org.hibernate.type.BasicTypeRegistry     : Adding type registration materialized_clob -> org.hibernate.type.MaterializedClobType@118cbded
2023-05-03 20:13:21.881 DEBUG 7866 --- [    Test worker] org.hibernate.type.BasicTypeRegistry     : Adding type registration materialized_nclob -> org.hibernate.type.MaterializedNClobType@7b5833ee
2023-05-03 20:13:21.882 DEBUG 7866 --- [    Test worker] org.hibernate.type.BasicTypeRegistry     : Adding type registration serializable -> org.hibernate.type.SerializableType@7757a37f
2023-05-03 20:13:21.883 DEBUG 7866 --- [    Test worker] org.hibernate.type.BasicTypeRegistry     : Adding type registration object -> org.hibernate.type.ObjectType@7dd3981e
2023-05-03 20:13:21.883 DEBUG 7866 --- [    Test worker] org.hibernate.type.BasicTypeRegistry     : Adding type registration java.lang.Object -> org.hibernate.type.ObjectType@7dd3981e
2023-05-03 20:13:21.883 DEBUG 7866 --- [    Test worker] org.hibernate.type.BasicTypeRegistry     : Adding type registration imm_date -> org.hibernate.type.AdaptedImmutableType@24aedcc5
2023-05-03 20:13:21.883 DEBUG 7866 --- [    Test worker] org.hibernate.type.BasicTypeRegistry     : Adding type registration imm_time -> org.hibernate.type.AdaptedImmutableType@74ebd159
2023-05-03 20:13:21.883 DEBUG 7866 --- [    Test worker] org.hibernate.type.BasicTypeRegistry     : Adding type registration imm_timestamp -> org.hibernate.type.AdaptedImmutableType@1850f2da
2023-05-03 20:13:21.883 DEBUG 7866 --- [    Test worker] org.hibernate.type.BasicTypeRegistry     : Adding type registration imm_dbtimestamp -> org.hibernate.type.AdaptedImmutableType@38d42ab7
2023-05-03 20:13:21.883 DEBUG 7866 --- [    Test worker] org.hibernate.type.BasicTypeRegistry     : Adding type registration imm_calendar -> org.hibernate.type.AdaptedImmutableType@6ace919c
2023-05-03 20:13:21.883 DEBUG 7866 --- [    Test worker] org.hibernate.type.BasicTypeRegistry     : Adding type registration imm_calendar_date -> org.hibernate.type.AdaptedImmutableType@4005e485
2023-05-03 20:13:21.883 DEBUG 7866 --- [    Test worker] org.hibernate.type.BasicTypeRegistry     : Adding type registration imm_binary -> org.hibernate.type.AdaptedImmutableType@5f5c187d
2023-05-03 20:13:21.883 DEBUG 7866 --- [    Test worker] org.hibernate.type.BasicTypeRegistry     : Adding type registration imm_serializable -> org.hibernate.type.AdaptedImmutableType@464400b3
2023-05-03 20:13:21.903  INFO 7866 --- [    Test worker] com.zaxxer.hikari.HikariDataSource       : HikariPool-1 - Starting...
2023-05-03 20:13:22.261  INFO 7866 --- [    Test worker] com.zaxxer.hikari.HikariDataSource       : HikariPool-1 - Start completed.
2023-05-03 20:13:22.278  INFO 7866 --- [    Test worker] org.hibernate.dialect.Dialect            : HHH000400: Using dialect: org.hibernate.dialect.MySQL8Dialect
2023-05-03 20:13:22.295 DEBUG 7866 --- [    Test worker] o.h.type.spi.TypeConfiguration$Scope     : Scoping TypeConfiguration [org.hibernate.type.spi.TypeConfiguration@6294e4a6] to MetadataBuildingContext [org.hibernate.boot.internal.MetadataBuildingContextRootImpl@13662609]
2023-05-03 20:13:22.465 DEBUG 7866 --- [    Test worker] org.hibernate.type.EnumType              : Using NAMED-based conversion for Enum com.creamcheese.crackers.domain.Account.AccountStatus
2023-05-03 20:13:22.466 DEBUG 7866 --- [    Test worker] o.h.type.spi.TypeConfiguration$Scope     : Scoping TypeConfiguration [org.hibernate.type.spi.TypeConfiguration@6294e4a6] to SessionFactoryImpl [org.hibernate.internal.SessionFactoryImpl@4fd63c43]
2023-05-03 20:13:22.932  INFO 7866 --- [    Test worker] o.h.e.t.j.p.i.JtaPlatformInitiator       : HHH000490: Using JtaPlatform implementation: [org.hibernate.engine.transaction.jta.platform.internal.NoJtaPlatform]
2023-05-03 20:13:22.937 TRACE 7866 --- [    Test worker] o.h.type.spi.TypeConfiguration$Scope     : Handling #sessionFactoryCreated from [org.hibernate.internal.SessionFactoryImpl@4fd63c43] for TypeConfiguration
2023-05-03 20:13:22.938  INFO 7866 --- [    Test worker] j.LocalContainerEntityManagerFactoryBean : Initialized JPA EntityManagerFactory for persistence unit 'default'
2023-05-03 20:13:22.973  WARN 7866 --- [    Test worker] JpaBaseConfiguration$JpaWebConfiguration : spring.jpa.open-in-view is enabled by default. Therefore, database queries may be performed during view rendering. Explicitly configure spring.jpa.open-in-view to disable this warning
2023-05-03 20:13:23.527  INFO 7866 --- [    Test worker] o.s.s.web.DefaultSecurityFilterChain     : Will secure any request with [org.springframework.security.web.session.DisableEncodeUrlFilter@51d50b5f, org.springframework.security.web.context.request.async.WebAsyncManagerIntegrationFilter@38816a6c, org.springframework.security.web.context.SecurityContextPersistenceFilter@593d0173, org.springframework.security.web.header.HeaderWriterFilter@7fec6c2f, org.springframework.web.filter.CorsFilter@7ecd6861, org.springframework.security.web.authentication.logout.LogoutFilter@2be83e7e, com.creamcheese.crackers.jwt.JwtAuthenticationFilter@74727e41, org.springframework.security.web.savedrequest.RequestCacheAwareFilter@62f63625, org.springframework.security.web.servletapi.SecurityContextHolderAwareRequestFilter@440e2406, org.springframework.security.web.authentication.AnonymousAuthenticationFilter@16117d9, org.springframework.security.web.session.SessionManagementFilter@96271d8, org.springframework.security.web.access.ExceptionTranslationFilter@2aadeb31]
2023-05-03 20:13:23.895  INFO 7866 --- [    Test worker] c.c.crackers.CrackersApplicationTests    : Started CrackersApplicationTests in 3.109 seconds (JVM running for 3.637)
]]></system-out>
  <system-err><![CDATA[]]></system-err>
</testsuite>
